CAD-KAS (De)Install 2.0 - Install.log
Nicht verändern, nicht löschen!
PDF 2 DXF 4.0
PDF 2 DXF 4
PDF 2 DXF 4.0
Edit PDF files.
25
jbig2enc.dll
NEIN!
magnifying-glass-minus.gif
NEIN!
magnifying-glass-plus.gif 
NEIN!
vcr-end.gif
NEIN!
vcr-next.gif
NEIN!
vcr-previous.gif
NEIN!
vcr-start.gif 
NEIN!
flippages.htm
NEIN!
scanned.chm
NEIN!
ZapfDingbats.TTF
NEIN!
lcms.dll
NEIN!
WebCoatedSWOP2006Grade3.icc 
NEIN!
cadkasdeinst01.exe
DEINST!
file_id.diz
NEIN!
Manual.txt
Manual
bwdec.dll
NEIN!
grafikrw3.dll
NEIN!
faxencode.dll
NEIN!
freetypedll.dll
NEIN!
install.log
NEIN!
pdf2dxf.exe
PDF 2 DXF 4.0
pdfeditor.chm
Help
translate.dat
NEIN!
empty.dat
NEIN!
twainio2.dll
NEIN!
-ENDE-
